<?xml version="1.0" encoding="UTF-8"?>
<testng-results ignored="0" total="1" passed="1" failed="0" skipped="0">
  <reporter-output>
  </reporter-output>
  <suite started-at="2023-07-29T14:33:28 IST" name="Suite" finished-at="2023-07-29T14:33:41 IST" duration-ms="12590">
    <groups>
    </groups>
    <test started-at="2023-07-29T14:33:28 IST" name="Test" finished-at="2023-07-29T14:33:41 IST" duration-ms="12590">
      <class name="Test_package.brokenlinks">
        <test-method is-config="true" signature="openbrowser(java.lang.String)[pri:0, instance:Test_package.brokenlinks@275bf9b3]" started-at="2023-07-29T14:33:28 IST" name="openbrowser" finished-at="2023-07-29T14:33:36 IST" duration-ms="7649" status="PASS">
          <params>
            <param index="0">
              <value>
                <![CDATA[edge]]>
              </value>
            </param>
          </params>
          <reporter-output>
          </reporter-output>
        </test-method> <!-- openbrowser -->
        <test-method signature="printalllink()[pri:0, instance:Test_package.brokenlinks@275bf9b3]" started-at="2023-07-29T14:33:36 IST" name="printalllink" finished-at="2023-07-29T14:33:37 IST" duration-ms="1295" status="PASS">
          <reporter-output>
          </reporter-output>
        </test-method> <!-- printalllink -->
        <test-method is-config="true" signature="closebrowser()[pri:0, instance:Test_package.brokenlinks@275bf9b3]" started-at="2023-07-29T14:33:37 IST" name="closebrowser" finished-at="2023-07-29T14:33:41 IST" duration-ms="3476" status="PASS">
          <reporter-output>
          </reporter-output>
        </test-method> <!-- closebrowser -->
      </class> <!-- Test_package.brokenlinks -->
    </test> <!-- Test -->
  </suite> <!-- Suite -->
</testng-results>
